<?xml version="1.0" encoding="UTF-8"?>
<!-- Generated by org.testng.reporters.JUnitReportReporter -->
<testsuite skipped="0" hostname="ENG-Omar" name="facebookTests.facebookNGTest" tests="1" failures="0" timestamp="2020-12-17T11:24:30 IST" time="12.402" errors="0">
  <testcase name="user_cant_login_with_invalid_email" time="12.402" classname="facebookTests.facebookNGTest"/>
  <system-out/>
</testsuite> <!-- facebookTests.facebookNGTest -->
