<?xml version="1.0" encoding="UTF-8"?>
<!-- Generated by org.testng.reporters.JUnitReportReporter -->
<testsuite skipped="0" hostname="ENG-Omar" name="facebookTests.signinTests" tests="2" failures="0" timestamp="2020-12-22T13:43:35 IST" time="19.919" errors="0">
  <testcase name="user_cant_login_with_invalid_password" time="9.305" classname="facebookTests.signinTests"/>
  <system-out/>
  <testcase name="user_cant_login_with_invalid_password" time="10.614" classname="facebookTests.signinTests"/>
  <system-out/>
</testsuite> <!-- facebookTests.signinTests -->
