<?xml version="1.0" encoding="UTF-8"?>
<!-- Generated by org.testng.reporters.JUnitReportReporter -->
<testsuite skipped="0" hostname="ENG-Omar" name="facebookTests.signupTests" tests="2" failures="0" timestamp="2020-12-22T15:09:55 IST" time="21.039" errors="0">
  <testcase name="user_can_signup_With_MobileNum_successfully" time="10.864" classname="facebookTests.signupTests"/>
  <system-out/>
  <testcase name="user_can_signup_With_MobileNum_successfully" time="10.175" classname="facebookTests.signupTests"/>
  <system-out/>
</testsuite> <!-- facebookTests.signupTests -->
