<?xml version="1.0" encoding="UTF-8"?>
<!-- Generated by org.testng.reporters.JUnitReportReporter -->
<testsuite skipped="0" hostname="ENG-Omar" name="facebookTests.NewTest" tests="2" failures="0" timestamp="2020-12-17T14:43:40 IST" time="8.797" errors="0">
  <testcase name="OpenBrowser" time="8.724" classname="facebookTests.NewTest"/>
  <system-out>
This test verifies the current selenium compatibility with TestNG by launching the chrome driver Launching Google Chrome Driver version 81 for this test The website used was DemoQA for this test Free QA Automation Tools For Everyonee  </system-out>
  <testcase name="CloseBrowser" time="0.073" classname="facebookTests.NewTest"/>
  <system-out>
Driver Closed After Testing  </system-out>
</testsuite> <!-- facebookTests.NewTest -->
