<?xml version="1.0" encoding="UTF-8"?>
<!-- Generated by org.testng.reporters.JUnitReportReporter -->
<testsuite skipped="0" hostname="ENG-Omar" name="facebookTests.firsttestngfileTest" tests="1" failures="0" timestamp="2020-12-17T10:15:00 IST" time="0.021" errors="0">
  <testcase name="verifyHomepageTitle" time="0.021" classname="facebookTests.firsttestngfileTest"/>
  <system-out/>
</testsuite> <!-- facebookTests.firsttestngfileTest -->
